[debug] [2022-12-04T18:12:38.813Z] ----------------------------------------------------------------------
[debug] [2022-12-04T18:12:38.816Z] Command:       D:\Apps\Node\node.exe C:\Users\Ayman\AppData\Roaming\npm\node_modules\firebase-tools\lib\bin\firebase.js deploy
[debug] [2022-12-04T18:12:38.817Z] CLI Version:   11.16.1
[debug] [2022-12-04T18:12:38.817Z] Platform:      win32
[debug] [2022-12-04T18:12:38.817Z] Node Version:  v16.15.0
[debug] [2022-12-04T18:12:38.819Z] Time:          Sun Dec 04 2022 19:12:38 GMT+0100 (UTC+01:00)
[debug] [2022-12-04T18:12:38.819Z] ----------------------------------------------------------------------
[debug] 
[debug] [2022-12-04T18:12:38.895Z] > command requires scopes: ["email","openid","https://www.googleapis.com/auth/cloudplatformprojects.readonly","https://www.googleapis.com/auth/firebase","https://www.googleapis.com/auth/cloud-platform"]
[debug] [2022-12-04T18:12:38.896Z] > authorizing via signed-in user (lyesri99@gmail.com)
[debug] [2022-12-04T18:12:38.896Z] [iam] checking project anime-feet for permissions ["firebase.projects.get","firebasehosting.sites.update"]
[debug] [2022-12-04T18:12:38.898Z] > refreshing access token with scopes: []
[debug] [2022-12-04T18:12:38.900Z] >>> [apiv2][query] POST https://www.googleapis.com/oauth2/v3/token [none]
[debug] [2022-12-04T18:12:38.900Z] >>> [apiv2][body] POST https://www.googleapis.com/oauth2/v3/token [omitted]
[debug] [2022-12-04T18:12:39.837Z] <<< [apiv2][status] POST https://www.googleapis.com/oauth2/v3/token 200
[debug] [2022-12-04T18:12:39.838Z] <<< [apiv2][body] POST https://www.googleapis.com/oauth2/v3/token [omitted]
[debug] [2022-12-04T18:12:39.846Z] >>> [apiv2][query] POST https://cloudresourcemanager.googleapis.com/v1/projects/anime-feet:testIamPermissions [none]
[debug] [2022-12-04T18:12:39.846Z] >>> [apiv2][(partial)header] POST https://cloudresourcemanager.googleapis.com/v1/projects/anime-feet:testIamPermissions x-goog-quota-user=projects/anime-feet
[debug] [2022-12-04T18:12:39.847Z] >>> [apiv2][body] POST https://cloudresourcemanager.googleapis.com/v1/projects/anime-feet:testIamPermissions {"permissions":["firebase.projects.get","firebasehosting.sites.update"]}
[debug] [2022-12-04T18:12:40.827Z] <<< [apiv2][status] POST https://cloudresourcemanager.googleapis.com/v1/projects/anime-feet:testIamPermissions 200
[debug] [2022-12-04T18:12:40.827Z] <<< [apiv2][body] POST https://cloudresourcemanager.googleapis.com/v1/projects/anime-feet:testIamPermissions {"permissions":["firebase.projects.get","firebasehosting.sites.update"]}
[debug] [2022-12-04T18:12:40.828Z] >>> [apiv2][query] GET https://firebase.googleapis.com/v1beta1/projects/anime-feet [none]
[debug] [2022-12-04T18:12:41.313Z] <<< [apiv2][status] GET https://firebase.googleapis.com/v1beta1/projects/anime-feet 200
[debug] [2022-12-04T18:12:41.313Z] <<< [apiv2][body] GET https://firebase.googleapis.com/v1beta1/projects/anime-feet {"projectId":"anime-feet","projectNumber":"723527138473","displayName":"animefeet","name":"projects/anime-feet","resources":{"hostingSite":"anime-feet"},"state":"ACTIVE","etag":"1_9c8dc516-46ef-41c5-8ffd-b379e641fc74"}
[info] 
[info] === Deploying to 'anime-feet'...
[info] 
[info] i  deploying hosting 
[debug] [2022-12-04T18:12:41.321Z] >>> [apiv2][query] POST https://firebasehosting.googleapis.com/v1beta1/projects/-/sites/anime-feet/versions [none]
[debug] [2022-12-04T18:12:41.321Z] >>> [apiv2][body] POST https://firebasehosting.googleapis.com/v1beta1/projects/-/sites/anime-feet/versions {"status":"CREATED","labels":{"deployment-tool":"cli-firebase"}}
[debug] [2022-12-04T18:12:42.774Z] <<< [apiv2][status] POST https://firebasehosting.googleapis.com/v1beta1/projects/-/sites/anime-feet/versions 200
[debug] [2022-12-04T18:12:42.774Z] <<< [apiv2][body] POST https://firebasehosting.googleapis.com/v1beta1/projects/-/sites/anime-feet/versions {"name":"projects/723527138473/sites/anime-feet/versions/122bd1e5537c1e56","status":"CREATED","config":{},"labels":{"deployment-tool":"cli-firebase"}}
[info] i  hosting[anime-feet]: beginning deploy... 
[info] i  hosting[anime-feet]: found 18 files in dist/app 
[debug] [2022-12-04T18:12:42.788Z] [hosting] uploading with 200 concurrency
[debug] [2022-12-04T18:12:42.795Z] [hosting] hash cache [ZGlzdFxhcHA] stored for 18 files
[debug] [2022-12-04T18:12:42.796Z] [hosting][hash queue][FINAL] {"max":3,"min":1,"avg":1,"active":0,"complete":18,"success":18,"errored":0,"retried":0,"total":18,"elapsed":5}
[debug] [2022-12-04T18:12:42.797Z] >>> [apiv2][query] POST https://firebasehosting.googleapis.com/v1beta1/projects/723527138473/sites/anime-feet/versions/122bd1e5537c1e56:populateFiles [none]
[debug] [2022-12-04T18:12:42.797Z] >>> [apiv2][body] POST https://firebasehosting.googleapis.com/v1beta1/projects/723527138473/sites/anime-feet/versions/122bd1e5537c1e56:populateFiles {"files":{"/3rdpartylicenses.txt":"2abc0baf62ea76bb5fdaf7adcc47f05787c49faaf9b8d5cae8b23a7935af112f","/ava7patterns_wallpaper_1920x1080_1336.81f4cf5ebcac3575.png":"c44fc4f617738c04619955b69d1f8ab4b9e74c79c229a5eae4e01ff409685d3b","/down-arrow-svgrepo-com.453a384906923f22.svg":"035685258c1b4cef07254e2b5d4767b22c0d489d7d3e17e7351d52ac4f2b75db","/favicon.ico":"2c19690e9587bae12f419b34d2edeecc76808099540a9c9f4ea6194116cfc8f7\r","/house-solid-dark.63b2a0c0d8238960.svg":"124d12b2f9c60acfbb31da11b0056656def8ba1258cdb9b8a18ec76561d0594d","/index.html":"36ea915111039b162c771eb2bc2239afaedb2b637ee7e5a5629714ad9544e66c","/main.dd50d436f8c441ea.js":"1be07b1aa27caae49c2c120907d963b88232382129b88c2917d9cc70f236abfc","/polyfills.d00ba71d24f64d98.js":"9400a9a6a789bc08b9ac64305b59e3b6ab2e46c58fbbc3fbe968afc4166ede2c","/runtime.231e96734c9fdc57.js":"42d7b45bd1a0d9939aa872b1978993495685ce7df05e04bbc9fac913d3603f2f","/styles.95dbb1ce2c888190.css":"f006b727024c20f4e9daedd94acc2940c1d43de399effd97c4ec9e3c1b443bef","/user-solid-dark.2935c153349217fb.svg":"97ae37bd25d34a83a216d5423c013e5aa7dc941fceaba113482f0b00fa245c2f","/assets/ava7patterns_wallpaper_1920x1080_1336.png":"c44fc4f617738c04619955b69d1f8ab4b9e74c79c229a5eae4e01ff409685d3b\r","/assets/down-arrow-svgrepo-com.svg":"035685258c1b4cef07254e2b5d4767b22c0d489d7d3e17e7351d52ac4f2b75db","/assets/favicon.ico":"8e1f80b5cb60cb61228eade0c1ea5bf784405ba1cefafc1618f7d0f1883621d2","/assets/house-solid-dark.svg":"124d12b2f9c60acfbb31da11b0056656def8ba1258cdb9b8a18ec76561d0594d","/assets/house-solid-light.svg":"27dde79bfa0bc29766453a2b56b3b943f13b25164633131fb795b5e3df9467f3","/assets/user-solid-dark.svg":"97ae37bd25d34a83a216d5423c013e5aa7dc941fceaba113482f0b00fa245c2f","/assets/user-solid-light.svg":"353da9f071334ba3ff1d7b2dbd1e391d7ef0bc49245176abc14cf1523d4d327e"}}
[debug] [2022-12-04T18:12:43.976Z] <<< [apiv2][status] POST https://firebasehosting.googleapis.com/v1beta1/projects/723527138473/sites/anime-feet/versions/122bd1e5537c1e56:populateFiles 200
[debug] [2022-12-04T18:12:43.976Z] <<< [apiv2][body] POST https://firebasehosting.googleapis.com/v1beta1/projects/723527138473/sites/anime-feet/versions/122bd1e5537c1e56:populateFiles {"uploadRequiredHashes":["8e1f80b5cb60cb61228eade0c1ea5bf784405ba1cefafc1618f7d0f1883621d2"],"uploadUrl":"https://upload-firebasehosting.googleapis.com/upload/sites/anime-feet/versions/122bd1e5537c1e56/files"}
[debug] [2022-12-04T18:12:43.978Z] >>> [apiv2][query] POST https://upload-firebasehosting.googleapis.com/upload/sites/anime-feet/versions/122bd1e5537c1e56/files/8e1f80b5cb60cb61228eade0c1ea5bf784405ba1cefafc1618f7d0f1883621d2 [none]
[debug] [2022-12-04T18:12:43.978Z] >>> [apiv2][body] POST https://upload-firebasehosting.googleapis.com/upload/sites/anime-feet/versions/122bd1e5537c1e56/files/8e1f80b5cb60cb61228eade0c1ea5bf784405ba1cefafc1618f7d0f1883621d2 [stream]
[debug] [2022-12-04T18:12:43.979Z] [hosting][populate queue][FINAL] {"max":1184,"min":1184,"avg":1184,"active":0,"complete":1,"success":1,"errored":0,"retried":0,"total":1,"elapsed":1185}
[debug] [2022-12-04T18:12:43.979Z] [hosting] uploads queued: 1
[debug] [2022-12-04T18:13:14.397Z] [uploadQueue] Retrying task 8e1f80b5cb60cb61228eade0c1ea5bf784405ba1cefafc1618f7d0f1883621d2
[debug] [2022-12-04T18:13:14.399Z] >>> [apiv2][query] POST https://upload-firebasehosting.googleapis.com/upload/sites/anime-feet/versions/122bd1e5537c1e56/files/8e1f80b5cb60cb61228eade0c1ea5bf784405ba1cefafc1618f7d0f1883621d2 [none]
[debug] [2022-12-04T18:13:14.399Z] >>> [apiv2][body] POST https://upload-firebasehosting.googleapis.com/upload/sites/anime-feet/versions/122bd1e5537c1e56/files/8e1f80b5cb60cb61228eade0c1ea5bf784405ba1cefafc1618f7d0f1883621d2 [stream]
[debug] [2022-12-04T18:13:45.213Z] [uploadQueue] Retrying task 8e1f80b5cb60cb61228eade0c1ea5bf784405ba1cefafc1618f7d0f1883621d2
[debug] [2022-12-04T18:13:45.213Z] >>> [apiv2][query] POST https://upload-firebasehosting.googleapis.com/upload/sites/anime-feet/versions/122bd1e5537c1e56/files/8e1f80b5cb60cb61228eade0c1ea5bf784405ba1cefafc1618f7d0f1883621d2 [none]
[debug] [2022-12-04T18:13:45.214Z] >>> [apiv2][body] POST https://upload-firebasehosting.googleapis.com/upload/sites/anime-feet/versions/122bd1e5537c1e56/files/8e1f80b5cb60cb61228eade0c1ea5bf784405ba1cefafc1618f7d0f1883621d2 [stream]
[debug] [2022-12-04T18:14:16.836Z] [uploadQueue] Retrying task 8e1f80b5cb60cb61228eade0c1ea5bf784405ba1cefafc1618f7d0f1883621d2
[debug] [2022-12-04T18:14:16.837Z] >>> [apiv2][query] POST https://upload-firebasehosting.googleapis.com/upload/sites/anime-feet/versions/122bd1e5537c1e56/files/8e1f80b5cb60cb61228eade0c1ea5bf784405ba1cefafc1618f7d0f1883621d2 [none]
[debug] [2022-12-04T18:14:16.838Z] >>> [apiv2][body] POST https://upload-firebasehosting.googleapis.com/upload/sites/anime-feet/versions/122bd1e5537c1e56/files/8e1f80b5cb60cb61228eade0c1ea5bf784405ba1cefafc1618f7d0f1883621d2 [stream]
[debug] [2022-12-04T18:14:50.040Z] [uploadQueue] Retrying task 8e1f80b5cb60cb61228eade0c1ea5bf784405ba1cefafc1618f7d0f1883621d2
[debug] [2022-12-04T18:14:50.041Z] >>> [apiv2][query] POST https://upload-firebasehosting.googleapis.com/upload/sites/anime-feet/versions/122bd1e5537c1e56/files/8e1f80b5cb60cb61228eade0c1ea5bf784405ba1cefafc1618f7d0f1883621d2 [none]
[debug] [2022-12-04T18:14:50.042Z] >>> [apiv2][body] POST https://upload-firebasehosting.googleapis.com/upload/sites/anime-feet/versions/122bd1e5537c1e56/files/8e1f80b5cb60cb61228eade0c1ea5bf784405ba1cefafc1618f7d0f1883621d2 [stream]
[debug] [2022-12-04T18:15:26.451Z] [uploadQueue] Retrying task 8e1f80b5cb60cb61228eade0c1ea5bf784405ba1cefafc1618f7d0f1883621d2
[debug] [2022-12-04T18:15:26.452Z] >>> [apiv2][query] POST https://upload-firebasehosting.googleapis.com/upload/sites/anime-feet/versions/122bd1e5537c1e56/files/8e1f80b5cb60cb61228eade0c1ea5bf784405ba1cefafc1618f7d0f1883621d2 [none]
[debug] [2022-12-04T18:15:26.452Z] >>> [apiv2][body] POST https://upload-firebasehosting.googleapis.com/upload/sites/anime-feet/versions/122bd1e5537c1e56/files/8e1f80b5cb60cb61228eade0c1ea5bf784405ba1cefafc1618f7d0f1883621d2 [stream]
[debug] Task 8e1f80b5cb60cb61228eade0c1ea5bf784405ba1cefafc1618f7d0f1883621d2 failed: retries exhausted after 6 attempts, with error: Timeout reached making request to https://upload-firebasehosting.googleapis.com/upload/sites/anime-feet/versions/122bd1e5537c1e56/files/8e1f80b5cb60cb61228eade0c1ea5bf784405ba1cefafc1618f7d0f1883621d2
[debug] [2022-12-04T18:15:56.459Z] [hosting][upload queue][FINAL] {"max":0,"min":9999999999,"avg":0,"active":0,"complete":1,"success":0,"errored":1,"retried":5,"total":1,"elapsed":192482}
[debug] [2022-12-04T18:16:01.481Z] Error: Timed out.
    at Timeout._onTimeout (C:\Users\Ayman\AppData\Roaming\npm\node_modules\firebase-tools\lib\utils.js:253:49)
    at listOnTimeout (node:internal/timers:559:17)
    at processTimers (node:internal/timers:502:7)
[error] 
[error] Error: An unexpected error has occurred.
